2025-07-18T14:32:25.343+05:30  INFO 19448 --- [inventory-service] [main] c.n.i.InventoryServiceApplicationTests   : Starting InventoryServiceApplicationTests using Java 17.0.2 with PID 19448 (started by bbalaga in C:\Users\bbalaga\Desktop\18th Final\fashionhubbackend\inventoryService)
2025-07-18T14:32:25.359+05:30  INFO 19448 --- [inventory-service] [main] c.n.i.InventoryServiceApplicationTests   : No active profile set, falling back to 1 default profile: "default"
2025-07-18T14:32:28.922+05:30  INFO 19448 --- [inventory-service] [main] .s.d.r.c.RepositoryConfigurationDelegate : Bootstrapping Spring Data JPA repositories in DEFAULT mode.
2025-07-18T14:32:29.513+05:30  INFO 19448 --- [inventory-service] [main] .s.d.r.c.RepositoryConfigurationDelegate : Finished Spring Data repository scanning in 564 ms. Found 3 JPA repository interfaces.
2025-07-18T14:32:30.643+05:30  INFO 19448 --- [inventory-service] [main] o.s.cloud.context.scope.GenericScope     : BeanFactory id=7d872c8c-261b-30a3-bd1b-5e5b93ae0c94
2025-07-18T14:32:31.619+05:30  INFO 19448 --- [inventory-service] [main] o.hibernate.jpa.internal.util.LogHelper  : HHH000204: Processing PersistenceUnitInfo [name: default]
2025-07-18T14:32:31.817+05:30  INFO 19448 --- [inventory-service] [main] org.hibernate.Version                    : HHH000412: Hibernate ORM core version 6.5.3.Final
2025-07-18T14:32:31.937+05:30  INFO 19448 --- [inventory-service] [main] o.h.c.internal.RegionFactoryInitiator    : HHH000026: Second-level cache disabled
2025-07-18T14:32:32.913+05:30  INFO 19448 --- [inventory-service] [main] o.s.o.j.p.SpringPersistenceUnitInfo      : No LoadTimeWeaver setup: ignoring JPA class transformer
2025-07-18T14:32:33.966+05:30  WARN 19448 --- [inventory-service] [main] org.hibernate.orm.deprecation            : HHH90000025: SQLServerDialect does not need to be specified explicitly using 'hibernate.dialect' (remove the property setting and it will be selected by default)
2025-07-18T14:32:36.358+05:30  INFO 19448 --- [inventory-service] [main] o.h.e.t.j.p.i.JtaPlatformInitiator       : HHH000489: No JTA platform available (set 'hibernate.transaction.jta.platform' to enable JTA platform integration)
2025-07-18T14:32:36.363+05:30  INFO 19448 --- [inventory-service] [main] j.LocalContainerEntityManagerFactoryBean : Initialized JPA EntityManagerFactory for persistence unit 'default'
2025-07-18T14:32:36.945+05:30  INFO 19448 --- [inventory-service] [main] o.s.d.j.r.query.QueryEnhancerFactory     : Hibernate is in classpath; If applicable, HQL parser will be used.
2025-07-18T14:32:38.536+05:30  WARN 19448 --- [inventory-service] [main] JpaBaseConfiguration$JpaWebConfiguration : spring.jpa.open-in-view is enabled by default. Therefore, database queries may be performed during view rendering. Explicitly configure spring.jpa.open-in-view to disable this warning
2025-07-18T14:32:39.710+05:30  WARN 19448 --- [inventory-service] [main] .s.s.UserDetailsServiceAutoConfiguration : 

Using generated security password: e6e6887d-4065-4dff-a153-0df8ec48de56

This generated password is for development use only. Your security configuration must be updated before running your application in production.

2025-07-18T14:32:40.533+05:30  INFO 19448 --- [inventory-service] [main] DiscoveryClientOptionalArgsConfiguration : Eureka HTTP Client uses RestTemplate.
2025-07-18T14:32:40.613+05:30  WARN 19448 --- [inventory-service] [main] iguration$LoadBalancerCaffeineWarnLogger : Spring Cloud LoadBalancer is currently working with the default cache. While this cache implementation is useful for development and tests, it's recommended to use Caffeine cache in production.You can switch to using Caffeine cache, by adding it and org.springframework.cache.caffeine.CaffeineCacheManager to the classpath.
2025-07-18T14:32:40.654+05:30  INFO 19448 --- [inventory-service] [main] o.s.c.n.eureka.InstanceInfoFactory       : Setting initial instance status as: STARTING
2025-07-18T14:32:40.700+05:30  INFO 19448 --- [inventory-service] [main] com.netflix.discovery.DiscoveryClient    : Initializing Eureka in region us-east-1
2025-07-18T14:32:40.709+05:30  INFO 19448 --- [inventory-service] [main] c.n.d.s.r.aws.ConfigClusterResolver      : Resolving eureka endpoints via configuration
2025-07-18T14:32:40.732+05:30  INFO 19448 --- [inventory-service] [main] com.netflix.discovery.DiscoveryClient    : Disable delta property : false
2025-07-18T14:32:40.733+05:30  INFO 19448 --- [inventory-service] [main] com.netflix.discovery.DiscoveryClient    : Single vip registry refresh property : null
2025-07-18T14:32:40.735+05:30  INFO 19448 --- [inventory-service] [main] com.netflix.discovery.DiscoveryClient    : Force full registry fetch : false
2025-07-18T14:32:40.735+05:30  INFO 19448 --- [inventory-service] [main] com.netflix.discovery.DiscoveryClient    : Application is null : false
2025-07-18T14:32:40.735+05:30  INFO 19448 --- [inventory-service] [main] com.netflix.discovery.DiscoveryClient    : Registered Applications size is zero : true
2025-07-18T14:32:40.735+05:30  INFO 19448 --- [inventory-service] [main] com.netflix.discovery.DiscoveryClient    : Application version is -1: true
2025-07-18T14:32:40.735+05:30  INFO 19448 --- [inventory-service] [main] com.netflix.discovery.DiscoveryClient    : Getting all instance registry info from the eureka server
2025-07-18T14:32:41.361+05:30  INFO 19448 --- [inventory-service] [main] com.netflix.discovery.DiscoveryClient    : The response status is 200
2025-07-18T14:32:41.364+05:30  INFO 19448 --- [inventory-service] [main] com.netflix.discovery.DiscoveryClient    : Starting heartbeat executor: renew interval is: 30
2025-07-18T14:32:41.369+05:30  INFO 19448 --- [inventory-service] [main] c.n.discovery.InstanceInfoReplicator     : InstanceInfoReplicator onDemand update allowed rate per min is 4
2025-07-18T14:32:41.371+05:30  INFO 19448 --- [inventory-service] [main] com.netflix.discovery.DiscoveryClient    : Discovery Client initialized at timestamp 1752829361371 with initial instances count: 4
2025-07-18T14:32:41.376+05:30  INFO 19448 --- [inventory-service] [main] o.s.c.n.e.s.EurekaServiceRegistry        : Registering application INVENTORY-SERVICE with eureka with status UP
2025-07-18T14:32:41.378+05:30  INFO 19448 --- [inventory-service] [main] com.netflix.discovery.DiscoveryClient    : Saw local status change event StatusChangeEvent [timestamp=1752829361378, current=UP, previous=STARTING]
2025-07-18T14:32:41.380+05:30  INFO 19448 --- [inventory-service] [DiscoveryClient-InstanceInfoReplicator-%d] com.netflix.discovery.DiscoveryClient    : DiscoveryClient_INVENTORY-SERVICE/BBSR-LW-18-0058.corp.nisum.com:inventory-service:8082: registering service...
2025-07-18T14:32:41.399+05:30  INFO 19448 --- [inventory-service] [main] c.n.i.InventoryServiceApplicationTests   : Started InventoryServiceApplicationTests in 18.069 seconds (process running for 24.034)
2025-07-18T14:32:41.467+05:30  INFO 19448 --- [inventory-service] [DiscoveryClient-InstanceInfoReplicator-%d] com.netflix.discovery.DiscoveryClient    : DiscoveryClient_INVENTORY-SERVICE/BBSR-LW-18-0058.corp.nisum.com:inventory-service:8082 - registration status: 204
2025-07-18T14:32:42.459+05:30  INFO 19448 --- [inventory-service] [SpringApplicationShutdownHook] o.s.c.n.e.s.EurekaServiceRegistry        : Unregistering application INVENTORY-SERVICE with eureka with status DOWN
2025-07-18T14:32:42.463+05:30  INFO 19448 --- [inventory-service] [SpringApplicationShutdownHook] com.netflix.discovery.DiscoveryClient    : Saw local status change event StatusChangeEvent [timestamp=1752829362463, current=DOWN, previous=UP]
2025-07-18T14:32:42.464+05:30  INFO 19448 --- [inventory-service] [DiscoveryClient-InstanceInfoReplicator-%d] com.netflix.discovery.DiscoveryClient    : DiscoveryClient_INVENTORY-SERVICE/BBSR-LW-18-0058.corp.nisum.com:inventory-service:8082: registering service...
2025-07-18T14:32:42.471+05:30  INFO 19448 --- [inventory-service] [DiscoveryClient-InstanceInfoReplicator-%d] com.netflix.discovery.DiscoveryClient    : DiscoveryClient_INVENTORY-SERVICE/BBSR-LW-18-0058.corp.nisum.com:inventory-service:8082 - registration status: 204
2025-07-18T14:32:42.491+05:30  INFO 19448 --- [inventory-service] [SpringApplicationShutdownHook] j.LocalContainerEntityManagerFactoryBean : Closing JPA EntityManagerFactory for persistence unit 'default'
2025-07-18T14:32:42.514+05:30  INFO 19448 --- [inventory-service] [SpringApplicationShutdownHook] com.netflix.discovery.DiscoveryClient    : Shutting down DiscoveryClient ...
2025-07-18T14:32:45.524+05:30  INFO 19448 --- [inventory-service] [SpringApplicationShutdownHook] com.netflix.discovery.DiscoveryClient    : Unregistering ...
2025-07-18T14:32:45.536+05:30  INFO 19448 --- [inventory-service] [SpringApplicationShutdownHook] com.netflix.discovery.DiscoveryClient    : DiscoveryClient_INVENTORY-SERVICE/BBSR-LW-18-0058.corp.nisum.com:inventory-service:8082 - deregister  status: 200
2025-07-18T14:32:45.536+05:30  INFO 19448 --- [inventory-service] [SpringApplicationShutdownHook] com.netflix.discovery.DiscoveryClient    : Completed shut down of DiscoveryClient
2025-07-18T15:52:15.865+05:30  INFO 19040 --- [inventory-service] [main] c.n.i.c.OrderInventoryControllerTest     : Starting OrderInventoryControllerTest using Java 17.0.2 with PID 19040 (started by bbalaga in C:\Users\bbalaga\Desktop\18th Final\fashionhubbackend\inventoryService)
2025-07-18T15:52:15.868+05:30  INFO 19040 --- [inventory-service] [main] c.n.i.c.OrderInventoryControllerTest     : No active profile set, falling back to 1 default profile: "default"
2025-07-18T15:52:20.762+05:30  WARN 19040 --- [inventory-service] [main] .s.s.UserDetailsServiceAutoConfiguration : 

Using generated security password: 3a4f69bc-d6c6-4715-9f5c-66949a6c1c44

This generated password is for development use only. Your security configuration must be updated before running your application in production.

2025-07-18T15:52:21.110+05:30  INFO 19040 --- [inventory-service] [main] o.s.b.t.m.w.SpringBootMockServletContext : Initializing Spring TestDispatcherServlet ''
2025-07-18T15:52:21.111+05:30  INFO 19040 --- [inventory-service] [main] o.s.t.web.servlet.TestDispatcherServlet  : Initializing Servlet ''
2025-07-18T15:52:21.113+05:30  INFO 19040 --- [inventory-service] [main] o.s.t.web.servlet.TestDispatcherServlet  : Completed initialization in 2 ms
2025-07-18T15:52:21.174+05:30  INFO 19040 --- [inventory-service] [main] c.n.i.c.OrderInventoryControllerTest     : Started OrderInventoryControllerTest in 6.672 seconds (process running for 9.355)
2025-07-18T16:11:15.223+05:30  INFO 16740 --- [inventory-service] [main] c.n.i.InventoryServiceApplicationTests   : Starting InventoryServiceApplicationTests using Java 17.0.2 with PID 16740 (started by bbalaga in C:\Users\bbalaga\Desktop\18th Final\fashionhubbackend\inventoryService)
2025-07-18T16:11:15.227+05:30  INFO 16740 --- [inventory-service] [main] c.n.i.InventoryServiceApplicationTests   : No active profile set, falling back to 1 default profile: "default"
2025-07-18T16:11:18.335+05:30  INFO 16740 --- [inventory-service] [main] .s.d.r.c.RepositoryConfigurationDelegate : Bootstrapping Spring Data JPA repositories in DEFAULT mode.
2025-07-18T16:11:18.813+05:30  INFO 16740 --- [inventory-service] [main] .s.d.r.c.RepositoryConfigurationDelegate : Finished Spring Data repository scanning in 452 ms. Found 3 JPA repository interfaces.
2025-07-18T16:11:19.558+05:30  INFO 16740 --- [inventory-service] [main] o.s.cloud.context.scope.GenericScope     : BeanFactory id=22023d99-a533-33fb-9ea9-16c632c70f7a
2025-07-18T16:11:20.500+05:30  INFO 16740 --- [inventory-service] [main] o.hibernate.jpa.internal.util.LogHelper  : HHH000204: Processing PersistenceUnitInfo [name: default]
2025-07-18T16:11:20.810+05:30  INFO 16740 --- [inventory-service] [main] org.hibernate.Version                    : HHH000412: Hibernate ORM core version 6.5.3.Final
2025-07-18T16:11:21.011+05:30  INFO 16740 --- [inventory-service] [main] o.h.c.internal.RegionFactoryInitiator    : HHH000026: Second-level cache disabled
2025-07-18T16:11:21.586+05:30  INFO 16740 --- [inventory-service] [main] o.s.o.j.p.SpringPersistenceUnitInfo      : No LoadTimeWeaver setup: ignoring JPA class transformer
2025-07-18T16:11:23.318+05:30  WARN 16740 --- [inventory-service] [main] org.hibernate.orm.deprecation            : HHH90000025: SQLServerDialect does not need to be specified explicitly using 'hibernate.dialect' (remove the property setting and it will be selected by default)
2025-07-18T16:11:25.308+05:30  INFO 16740 --- [inventory-service] [main] o.h.e.t.j.p.i.JtaPlatformInitiator       : HHH000489: No JTA platform available (set 'hibernate.transaction.jta.platform' to enable JTA platform integration)
2025-07-18T16:11:25.312+05:30  INFO 16740 --- [inventory-service] [main] j.LocalContainerEntityManagerFactoryBean : Initialized JPA EntityManagerFactory for persistence unit 'default'
2025-07-18T16:11:25.850+05:30  INFO 16740 --- [inventory-service] [main] o.s.d.j.r.query.QueryEnhancerFactory     : Hibernate is in classpath; If applicable, HQL parser will be used.
2025-07-18T16:11:27.413+05:30  WARN 16740 --- [inventory-service] [main] JpaBaseConfiguration$JpaWebConfiguration : spring.jpa.open-in-view is enabled by default. Therefore, database queries may be performed during view rendering. Explicitly configure spring.jpa.open-in-view to disable this warning
2025-07-18T16:11:27.587+05:30  WARN 16740 --- [inventory-service] [main] .s.s.UserDetailsServiceAutoConfiguration : 

Using generated security password: 8dab56e8-ae76-494e-93f5-9728d650a630

This generated password is for development use only. Your security configuration must be updated before running your application in production.

2025-07-18T16:11:30.078+05:30  INFO 16740 --- [inventory-service] [main] DiscoveryClientOptionalArgsConfiguration : Eureka HTTP Client uses RestTemplate.
2025-07-18T16:11:30.167+05:30  WARN 16740 --- [inventory-service] [main] iguration$LoadBalancerCaffeineWarnLogger : Spring Cloud LoadBalancer is currently working with the default cache. While this cache implementation is useful for development and tests, it's recommended to use Caffeine cache in production.You can switch to using Caffeine cache, by adding it and org.springframework.cache.caffeine.CaffeineCacheManager to the classpath.
2025-07-18T16:11:30.218+05:30  INFO 16740 --- [inventory-service] [main] o.s.c.n.eureka.InstanceInfoFactory       : Setting initial instance status as: STARTING
2025-07-18T16:11:30.303+05:30  INFO 16740 --- [inventory-service] [main] com.netflix.discovery.DiscoveryClient    : Initializing Eureka in region us-east-1
2025-07-18T16:11:30.320+05:30  INFO 16740 --- [inventory-service] [main] c.n.d.s.r.aws.ConfigClusterResolver      : Resolving eureka endpoints via configuration
2025-07-18T16:11:30.352+05:30  INFO 16740 --- [inventory-service] [main] com.netflix.discovery.DiscoveryClient    : Disable delta property : false
2025-07-18T16:11:30.352+05:30  INFO 16740 --- [inventory-service] [main] com.netflix.discovery.DiscoveryClient    : Single vip registry refresh property : null
2025-07-18T16:11:30.353+05:30  INFO 16740 --- [inventory-service] [main] com.netflix.discovery.DiscoveryClient    : Force full registry fetch : false
2025-07-18T16:11:30.353+05:30  INFO 16740 --- [inventory-service] [main] com.netflix.discovery.DiscoveryClient    : Application is null : false
2025-07-18T16:11:30.353+05:30  INFO 16740 --- [inventory-service] [main] com.netflix.discovery.DiscoveryClient    : Registered Applications size is zero : true
2025-07-18T16:11:30.353+05:30  INFO 16740 --- [inventory-service] [main] com.netflix.discovery.DiscoveryClient    : Application version is -1: true
2025-07-18T16:11:30.353+05:30  INFO 16740 --- [inventory-service] [main] com.netflix.discovery.DiscoveryClient    : Getting all instance registry info from the eureka server
2025-07-18T16:11:31.186+05:30  INFO 16740 --- [inventory-service] [main] com.netflix.discovery.DiscoveryClient    : The response status is 200
2025-07-18T16:11:31.192+05:30  INFO 16740 --- [inventory-service] [main] com.netflix.discovery.DiscoveryClient    : Starting heartbeat executor: renew interval is: 30
2025-07-18T16:11:31.198+05:30  INFO 16740 --- [inventory-service] [main] c.n.discovery.InstanceInfoReplicator     : InstanceInfoReplicator onDemand update allowed rate per min is 4
2025-07-18T16:11:31.203+05:30  INFO 16740 --- [inventory-service] [main] com.netflix.discovery.DiscoveryClient    : Discovery Client initialized at timestamp 1752835291201 with initial instances count: 4
2025-07-18T16:11:31.219+05:30  INFO 16740 --- [inventory-service] [main] o.s.c.n.e.s.EurekaServiceRegistry        : Registering application INVENTORY-SERVICE with eureka with status UP
2025-07-18T16:11:31.220+05:30  INFO 16740 --- [inventory-service] [main] com.netflix.discovery.DiscoveryClient    : Saw local status change event StatusChangeEvent [timestamp=1752835291220, current=UP, previous=STARTING]
2025-07-18T16:11:31.229+05:30  INFO 16740 --- [inventory-service] [DiscoveryClient-InstanceInfoReplicator-%d] com.netflix.discovery.DiscoveryClient    : DiscoveryClient_INVENTORY-SERVICE/BBSR-LW-18-0058.corp.nisum.com:inventory-service:8082: registering service...
2025-07-18T16:11:31.355+05:30  INFO 16740 --- [inventory-service] [main] c.n.i.InventoryServiceApplicationTests   : Started InventoryServiceApplicationTests in 17.474 seconds (process running for 25.815)
2025-07-18T16:11:31.444+05:30  INFO 16740 --- [inventory-service] [DiscoveryClient-InstanceInfoReplicator-%d] com.netflix.discovery.DiscoveryClient    : DiscoveryClient_INVENTORY-SERVICE/BBSR-LW-18-0058.corp.nisum.com:inventory-service:8082 - registration status: 204
2025-07-18T16:11:33.807+05:30  INFO 16740 --- [inventory-service] [SpringApplicationShutdownHook] o.s.c.n.e.s.EurekaServiceRegistry        : Unregistering application INVENTORY-SERVICE with eureka with status DOWN
2025-07-18T16:11:33.807+05:30  INFO 16740 --- [inventory-service] [SpringApplicationShutdownHook] com.netflix.discovery.DiscoveryClient    : Saw local status change event StatusChangeEvent [timestamp=1752835293807, current=DOWN, previous=UP]
2025-07-18T16:11:33.808+05:30  INFO 16740 --- [inventory-service] [DiscoveryClient-InstanceInfoReplicator-%d] com.netflix.discovery.DiscoveryClient    : DiscoveryClient_INVENTORY-SERVICE/BBSR-LW-18-0058.corp.nisum.com:inventory-service:8082: registering service...
2025-07-18T16:11:33.828+05:30  INFO 16740 --- [inventory-service] [SpringApplicationShutdownHook] j.LocalContainerEntityManagerFactoryBean : Closing JPA EntityManagerFactory for persistence unit 'default'
2025-07-18T16:11:33.832+05:30  INFO 16740 --- [inventory-service] [DiscoveryClient-InstanceInfoReplicator-%d] com.netflix.discovery.DiscoveryClient    : DiscoveryClient_INVENTORY-SERVICE/BBSR-LW-18-0058.corp.nisum.com:inventory-service:8082 - registration status: 204
2025-07-18T16:11:33.962+05:30  INFO 16740 --- [inventory-service] [SpringApplicationShutdownHook] com.netflix.discovery.DiscoveryClient    : Shutting down DiscoveryClient ...
2025-07-18T16:11:36.965+05:30  INFO 16740 --- [inventory-service] [SpringApplicationShutdownHook] com.netflix.discovery.DiscoveryClient    : Unregistering ...
2025-07-18T16:11:36.973+05:30  INFO 16740 --- [inventory-service] [SpringApplicationShutdownHook] com.netflix.discovery.DiscoveryClient    : DiscoveryClient_INVENTORY-SERVICE/BBSR-LW-18-0058.corp.nisum.com:inventory-service:8082 - deregister  status: 200
2025-07-18T16:11:36.974+05:30  INFO 16740 --- [inventory-service] [SpringApplicationShutdownHook] com.netflix.discovery.DiscoveryClient    : Completed shut down of DiscoveryClient
