2025-07-12 02:13:11.056 [main] INFO  [c.n.U.UserServiceApplication] - Starting UserServiceApplication v0.0.1-SNAPSHOT using Java 17.0.2 with PID 2836 (C:\Users\hparichha\IdeaProjects\FRONTEND + BACKEND\BACKEND\UserService\target\UserService-0.0.1-SNAPSHOT.jar started by hparichha in C:\Users\hparichha\IdeaProjects\FRONTEND + BACKEND\BACKEND\UserService)
2025-07-12 02:13:11.075 [main] INFO  [c.n.U.UserServiceApplication] - No active profile set, falling back to 1 default profile: "default"
2025-07-12 02:13:14.181 [main] INFO  [o.s.cloud.context.scope.GenericScope] - BeanFactory id=310de3e7-c535-32d1-bf86-8236a1503d93
2025-07-12 02:13:14.995 [main] INFO  [o.s.b.w.e.tomcat.TomcatWebServer] - Tomcat initialized with port 8084 (http)
2025-07-12 02:13:15.192 [main] INFO  [o.s.b.w.s.c.ServletWebServerApplicationContext] - Root WebApplicationContext: initialization completed in 3983 ms
2025-07-12 02:13:16.520 [main] INFO  [o.h.jpa.internal.util.LogHelper] - HHH000204: Processing PersistenceUnitInfo [name: default]
2025-07-12 02:13:16.702 [main] INFO  [org.hibernate.Version] - HHH000412: Hibernate ORM core version 6.6.18.Final
2025-07-12 02:13:16.809 [main] INFO  [o.h.c.i.RegionFactoryInitiator] - HHH000026: Second-level cache disabled
2025-07-12 02:13:17.627 [main] WARN  [org.hibernate.orm.deprecation] - HHH90000025: SQLServerDialect does not need to be specified explicitly using 'hibernate.dialect' (remove the property setting and it will be selected by default)
2025-07-12 02:13:17.659 [main] INFO  [o.hibernate.orm.connections.pooling] - HHH10001005: Database info:
	Database JDBC URL [Connecting through datasource 'HikariDataSource (HikariPool-1)']
	Database driver: undefined/unknown
	Database version: 15.0
	Autocommit mode: undefined/unknown
	Isolation level: undefined/unknown
	Minimum pool size: undefined/unknown
	Maximum pool size: undefined/unknown
2025-07-12 02:13:19.046 [main] INFO  [o.h.e.t.j.p.i.JtaPlatformInitiator] - HHH000489: No JTA platform available (set 'hibernate.transaction.jta.platform' to enable JTA platform integration)
2025-07-12 02:13:19.814 [main] WARN  [o.s.b.a.o.j.JpaBaseConfiguration$JpaWebConfiguration] - spring.jpa.open-in-view is enabled by default. Therefore, database queries may be performed during view rendering. Explicitly configure spring.jpa.open-in-view to disable this warning
2025-07-12 02:13:22.582 [main] INFO  [o.s.cloud.commons.util.InetUtils] - Cannot determine local hostname
2025-07-12 02:13:23.888 [main] INFO  [o.s.cloud.commons.util.InetUtils] - Cannot determine local hostname
2025-07-12 02:13:23.992 [main] WARN  [o.s.b.w.s.c.AnnotationConfigServletWebServerApplicationContext] - Exception encountered during context initialization - cancelling refresh attempt: org.springframework.beans.factory.BeanCreationException: Error creating bean with name 'compositeCompatibilityVerifier' defined in class path resource [org/springframework/cloud/configuration/CompatibilityVerifierAutoConfiguration.class]: Failed to instantiate [org.springframework.cloud.configuration.CompositeCompatibilityVerifier]: Factory method 'compositeCompatibilityVerifier' threw exception with message: Spring Cloud/ Spring Boot version compatibility checks have failed: [[VerificationResult@2c62f56f description = 'Spring Boot [3.5.3] is not compatible with this Spring Cloud release train', action = 'Change Spring Boot version to one of the following versions [3.4.x] .
You can find the latest Spring Boot versions here [https://spring.io/projects/spring-boot#learn]. 
If you want to learn more about the Spring Cloud Release train compatibility, you can visit this page [https://spring.io/projects/spring-cloud#overview] and check the [Release Trains] section.
If you want to disable this check, just set the property [spring.cloud.compatibility-verifier.enabled=false]']]
2025-07-12 02:13:24.062 [main] ERROR [o.s.b.d.LoggingFailureAnalysisReporter] - 

***************************
APPLICATION FAILED TO START
***************************

Description:

Your project setup is incompatible with our requirements due to following reasons:

- Spring Boot [3.5.3] is not compatible with this Spring Cloud release train


Action:

Consider applying the following actions:

- Change Spring Boot version to one of the following versions [3.4.x] .
You can find the latest Spring Boot versions here [https://spring.io/projects/spring-boot#learn]. 
If you want to learn more about the Spring Cloud Release train compatibility, you can visit this page [https://spring.io/projects/spring-cloud#overview] and check the [Release Trains] section.
If you want to disable this check, just set the property [spring.cloud.compatibility-verifier.enabled=false]


